# JRE version: Java(TM) SE Runtime Environment (17.0.12+8) (build 17.0.12+8-LTS-286)
# Java VM: Java HotSpot(TM) 64-Bit Server VM (17.0.12+8-LTS-286, mixed mode, sharing, tiered, compressed oops, compressed class ptrs, g1 gc, windows-amd64)
GC Precious Log:
 CPUs: 16 total, 16 available
 Memory: 23981M
 Large Page Support: Disabled
 NUMA Support: Disabled
 Compressed Oops: Enabled (32-bit)
 Heap Region Size: 1M
 Heap Min Capacity: 8M
 Heap Initial Capacity: 376M
 Heap Max Capacity: 1536M
 Pre-touch: Disabled
 Parallel Workers: 13
 Concurrent Workers: 3
 Concurrent Refinement Workers: 13
 Periodic GC: Disabled
Heap:
 garbage-first heap   total 96256K, used 50900K [0x00000000a0000000, 0x0000000100000000)
  region size 1024K, 29 young (29696K), 3 survivors (3072K)
 Metaspace       used 31813K, committed 32256K, reserved 1114112K
  class space    used 4487K, committed 4672K, reserved 1048576K
GC Heap History (10 events):
Event: 1.665 GC heap before
{Heap before GC invocations=0 (full 0):
 garbage-first heap   total 385024K, used 23552K [0x00000000a0000000, 0x0000000100000000)
  region size 1024K, 23 young (23552K), 0 survivors (0K)
 Metaspace       used 873K, committed 1024K, reserved 1114112K
  class space    used 63K, committed 128K, reserved 1048576K
}
Event: 1.968 GC heap after
{Heap after GC invocations=1 (full 0):
 garbage-first heap   total 385024K, used 1480K [0x00000000a0000000, 0x0000000100000000)
  region size 1024K, 2 young (2048K), 2 survivors (2048K)
 Metaspace       used 873K, committed 1024K, reserved 1114112K
  class space    used 63K, committed 128K, reserved 1048576K
}
Event: 4.326 GC heap before
{Heap before GC invocations=1 (full 0):
 garbage-first heap   total 385024K, used 41416K [0x00000000a0000000, 0x0000000100000000)
  region size 1024K, 38 young (38912K), 2 survivors (2048K)
 Metaspace       used 4417K, committed 4608K, reserved 1114112K
  class space    used 548K, committed 640K, reserved 1048576K
}
Event: 4.331 GC heap after
{Heap after GC invocations=2 (full 0):
 garbage-first heap   total 385024K, used 10691K [0x00000000a0000000, 0x0000000100000000)
  region size 1024K, 5 young (5120K), 5 survivors (5120K)
 Metaspace       used 4417K, committed 4608K, reserved 1114112K
  class space    used 548K, committed 640K, reserved 1048576K
}
Event: 7.837 GC heap before
{Heap before GC invocations=2 (full 0):
 garbage-first heap   total 385024K, used 73155K [0x00000000a0000000, 0x0000000100000000)
  region size 1024K, 64 young (65536K), 5 survivors (5120K)
 Metaspace       used 6882K, committed 7104K, reserved 1114112K
  class space    used 920K, committed 1024K, reserved 1048576K
}
Event: 7.852 GC heap after
{Heap after GC invocations=3 (full 0):
 garbage-first heap   total 385024K, used 17897K [0x00000000a0000000, 0x0000000100000000)
  region size 1024K, 6 young (6144K), 6 survivors (6144K)
 Metaspace       used 6882K, committed 7104K, reserved 1114112K
  class space    used 920K, committed 1024K, reserved 1048576K
}
Event: 49.316 GC heap before
{Heap before GC invocations=3 (full 0):
 garbage-first heap   total 385024K, used 115177K [0x00000000a0000000, 0x0000000100000000)
  region size 1024K, 102 young (104448K), 6 survivors (6144K)
 Metaspace       used 21126K, committed 21504K, reserved 1114112K
  class space    used 3057K, committed 3264K, reserved 1048576K
}
Event: 49.356 GC heap after
{Heap after GC invocations=4 (full 0):
 garbage-first heap   total 385024K, used 23755K [0x00000000a0000000, 0x0000000100000000)
  region size 1024K, 12 young (12288K), 12 survivors (12288K)
 Metaspace       used 21126K, committed 21504K, reserved 1114112K
  class space    used 3057K, committed 3264K, reserved 1048576K
}
Event: 53.218 GC heap before
{Heap before GC invocations=5 (full 0):
 garbage-first heap   total 96256K, used 67787K [0x00000000a0000000, 0x0000000100000000)
  region size 1024K, 56 young (57344K), 12 survivors (12288K)
 Metaspace       used 26608K, committed 27008K, reserved 1114112K
  class space    used 3917K, committed 4096K, reserved 1048576K
}
Event: 53.229 GC heap after
{Heap after GC invocations=6 (full 0):
 garbage-first heap   total 96256K, used 26324K [0x00000000a0000000, 0x0000000100000000)
  region size 1024K, 3 young (3072K), 3 survivors (3072K)
 Metaspace       used 26608K, committed 27008K, reserved 1114112K
  class space    used 3917K, committed 4096K, reserved 1048576K
}

