# JRE version: Java(TM) SE Runtime Environment (17.0.12+8) (build 17.0.12+8-LTS-286)
# Java VM: Java HotSpot(TM) 64-Bit Server VM (17.0.12+8-LTS-286, mixed mode, sharing, tiered, compressed oops, compressed class ptrs, g1 gc, windows-amd64)
GC Precious Log:
 CPUs: 16 total, 16 available
 Memory: 23981M
 Large Page Support: Disabled
 NUMA Support: Disabled
 Compressed Oops: Enabled (32-bit)
 Heap Region Size: 1M
 Heap Min Capacity: 8M
 Heap Initial Capacity: 376M
 Heap Max Capacity: 1536M
 Pre-touch: Disabled
 Parallel Workers: 13
 Concurrent Workers: 3
 Concurrent Refinement Workers: 13
 Periodic GC: Disabled
Heap:
 garbage-first heap   total 157696K, used 116084K [0x00000000a0000000, 0x0000000100000000)
  region size 1024K, 44 young (45056K), 4 survivors (4096K)
 Metaspace       used 65413K, committed 66176K, reserved 1114112K
  class space    used 8871K, committed 9216K, reserved 1048576K
GC Heap History (20 events):
Event: 283.021 GC heap before
{Heap before GC invocations=24 (full 0):
 garbage-first heap   total 157696K, used 51883K [0x00000000a0000000, 0x0000000100000000)
  region size 1024K, 7 young (7168K), 1 survivors (1024K)
 Metaspace       used 50372K, committed 51008K, reserved 1114112K
  class space    used 6945K, committed 7232K, reserved 1048576K
}
Event: 283.024 GC heap after
{Heap after GC invocations=25 (full 0):
 garbage-first heap   total 157696K, used 47469K [0x00000000a0000000, 0x0000000100000000)
  region size 1024K, 1 young (1024K), 1 survivors (1024K)
 Metaspace       used 50372K, committed 51008K, reserved 1114112K
  class space    used 6945K, committed 7232K, reserved 1048576K
}
Event: 283.291 GC heap before
{Heap before GC invocations=25 (full 0):
 garbage-first heap   total 157696K, used 53613K [0x00000000a0000000, 0x0000000100000000)
  region size 1024K, 8 young (8192K), 1 survivors (1024K)
 Metaspace       used 50415K, committed 51008K, reserved 1114112K
  class space    used 6945K, committed 7232K, reserved 1048576K
}
Event: 283.297 GC heap after
{Heap after GC invocations=26 (full 0):
 garbage-first heap   total 157696K, used 47935K [0x00000000a0000000, 0x0000000100000000)
  region size 1024K, 1 young (1024K), 1 survivors (1024K)
 Metaspace       used 50415K, committed 51008K, reserved 1114112K
  class space    used 6945K, committed 7232K, reserved 1048576K
}
Event: 293.324 GC heap before
{Heap before GC invocations=26 (full 0):
 garbage-first heap   total 157696K, used 61247K [0x00000000a0000000, 0x0000000100000000)
  region size 1024K, 15 young (15360K), 1 survivors (1024K)
 Metaspace       used 50723K, committed 51264K, reserved 1114112K
  class space    used 6970K, committed 7232K, reserved 1048576K
}
Event: 293.327 GC heap after
{Heap after GC invocations=27 (full 0):
 garbage-first heap   total 157696K, used 48514K [0x00000000a0000000, 0x0000000100000000)
  region size 1024K, 2 young (2048K), 2 survivors (2048K)
 Metaspace       used 50723K, committed 51264K, reserved 1114112K
  class space    used 6970K, committed 7232K, reserved 1048576K
}
Event: 298.470 GC heap before
{Heap before GC invocations=27 (full 0):
 garbage-first heap   total 157696K, used 67970K [0x00000000a0000000, 0x0000000100000000)
  region size 1024K, 22 young (22528K), 2 survivors (2048K)
 Metaspace       used 50863K, committed 51456K, reserved 1114112K
  class space    used 6970K, committed 7232K, reserved 1048576K
}
Event: 298.473 GC heap after
{Heap after GC invocations=28 (full 0):
 garbage-first heap   total 157696K, used 49480K [0x00000000a0000000, 0x0000000100000000)
  region size 1024K, 3 young (3072K), 3 survivors (3072K)
 Metaspace       used 50863K, committed 51456K, reserved 1114112K
  class space    used 6970K, committed 7232K, reserved 1048576K
}
Event: 299.919 GC heap before
{Heap before GC invocations=28 (full 0):
 garbage-first heap   total 157696K, used 75080K [0x00000000a0000000, 0x0000000100000000)
  region size 1024K, 29 young (29696K), 3 survivors (3072K)
 Metaspace       used 50892K, committed 51456K, reserved 1114112K
  class space    used 6970K, committed 7232K, reserved 1048576K
}
Event: 299.922 GC heap after
{Heap after GC invocations=29 (full 0):
 garbage-first heap   total 157696K, used 50216K [0x00000000a0000000, 0x0000000100000000)
  region size 1024K, 3 young (3072K), 3 survivors (3072K)
 Metaspace       used 50892K, committed 51456K, reserved 1114112K
  class space    used 6970K, committed 7232K, reserved 1048576K
}
Event: 347.032 GC heap before
{Heap before GC invocations=29 (full 0):
 garbage-first heap   total 157696K, used 92200K [0x00000000a0000000, 0x0000000100000000)
  region size 1024K, 45 young (46080K), 3 survivors (3072K)
 Metaspace       used 51002K, committed 51520K, reserved 1114112K
  class space    used 6987K, committed 7232K, reserved 1048576K
}
Event: 347.036 GC heap after
{Heap after GC invocations=30 (full 0):
 garbage-first heap   total 157696K, used 50674K [0x00000000a0000000, 0x0000000100000000)
  region size 1024K, 4 young (4096K), 4 survivors (4096K)
 Metaspace       used 51002K, committed 51520K, reserved 1114112K
  class space    used 6987K, committed 7232K, reserved 1048576K
}
Event: 385.029 GC heap before
{Heap before GC invocations=30 (full 0):
 garbage-first heap   total 157696K, used 118258K [0x00000000a0000000, 0x0000000100000000)
  region size 1024K, 64 young (65536K), 4 survivors (4096K)
 Metaspace       used 54668K, committed 55296K, reserved 1114112K
  class space    used 7445K, committed 7744K, reserved 1048576K
}
Event: 385.044 GC heap after
{Heap after GC invocations=31 (full 0):
 garbage-first heap   total 157696K, used 64825K [0x00000000a0000000, 0x0000000100000000)
  region size 1024K, 8 young (8192K), 8 survivors (8192K)
 Metaspace       used 54668K, committed 55296K, reserved 1114112K
  class space    used 7445K, committed 7744K, reserved 1048576K
}
Event: 386.858 GC heap before
{Heap before GC invocations=31 (full 0):
 garbage-first heap   total 157696K, used 98617K [0x00000000a0000000, 0x0000000100000000)
  region size 1024K, 42 young (43008K), 8 survivors (8192K)
 Metaspace       used 58076K, committed 58816K, reserved 1114112K
  class space    used 7876K, committed 8192K, reserved 1048576K
}
Event: 386.875 GC heap after
{Heap after GC invocations=32 (full 0):
 garbage-first heap   total 157696K, used 66235K [0x00000000a0000000, 0x0000000100000000)
  region size 1024K, 2 young (2048K), 2 survivors (2048K)
 Metaspace       used 58076K, committed 58816K, reserved 1114112K
  class space    used 7876K, committed 8192K, reserved 1048576K
}
Event: 390.687 GC heap before
{Heap before GC invocations=32 (full 0):
 garbage-first heap   total 157696K, used 131771K [0x00000000a0000000, 0x0000000100000000)
  region size 1024K, 61 young (62464K), 2 survivors (2048K)
 Metaspace       used 62010K, committed 62720K, reserved 1114112K
  class space    used 8427K, committed 8768K, reserved 1048576K
}
Event: 390.701 GC heap after
{Heap after GC invocations=33 (full 0):
 garbage-first heap   total 157696K, used 72296K [0x00000000a0000000, 0x0000000100000000)
  region size 1024K, 7 young (7168K), 7 survivors (7168K)
 Metaspace       used 62010K, committed 62720K, reserved 1114112K
  class space    used 8427K, committed 8768K, reserved 1048576K
}
Event: 396.069 GC heap before
{Heap before GC invocations=33 (full 0):
 garbage-first heap   total 157696K, used 125544K [0x00000000a0000000, 0x0000000100000000)
  region size 1024K, 59 young (60416K), 7 survivors (7168K)
 Metaspace       used 64220K, committed 64960K, reserved 1114112K
  class space    used 8722K, committed 9088K, reserved 1048576K
}
Event: 396.089 GC heap after
{Heap after GC invocations=34 (full 0):
 garbage-first heap   total 157696K, used 76148K [0x00000000a0000000, 0x0000000100000000)
  region size 1024K, 4 young (4096K), 4 survivors (4096K)
 Metaspace       used 64220K, committed 64960K, reserved 1114112K
  class space    used 8722K, committed 9088K, reserved 1048576K
}

