# JRE version: Java(TM) SE Runtime Environment (17.0.12+8) (build 17.0.12+8-LTS-286)
# Java VM: Java HotSpot(TM) 64-Bit Server VM (17.0.12+8-LTS-286, mixed mode, sharing, tiered, compressed oops, compressed class ptrs, g1 gc, windows-amd64)
GC Precious Log:
 CPUs: 16 total, 16 available
 Memory: 23981M
 Large Page Support: Disabled
 NUMA Support: Disabled
 Compressed Oops: Enabled (32-bit)
 Heap Region Size: 1M
 Heap Min Capacity: 8M
 Heap Initial Capacity: 376M
 Heap Max Capacity: 1536M
 Pre-touch: Disabled
 Parallel Workers: 13
 Concurrent Workers: 3
 Concurrent Refinement Workers: 13
 Periodic GC: Disabled
Heap:
 garbage-first heap   total 109568K, used 68029K [0x00000000a0000000, 0x0000000100000000)
  region size 1024K, 6 young (6144K), 1 survivors (1024K)
 Metaspace       used 56628K, committed 57280K, reserved 1114112K
  class space    used 7686K, committed 8000K, reserved 1048576K
GC Heap History (20 events):
Event: 119.941 GC heap before
{Heap before GC invocations=21 (full 0):
 garbage-first heap   total 86016K, used 69806K [0x00000000a0000000, 0x0000000100000000)
  region size 1024K, 24 young (24576K), 2 survivors (2048K)
 Metaspace       used 50833K, committed 51456K, reserved 1114112K
  class space    used 6982K, committed 7296K, reserved 1048576K
}
Event: 119.945 GC heap after
{Heap after GC invocations=22 (full 0):
 garbage-first heap   total 86016K, used 48770K [0x00000000a0000000, 0x0000000100000000)
  region size 1024K, 2 young (2048K), 2 survivors (2048K)
 Metaspace       used 50833K, committed 51456K, reserved 1114112K
  class space    used 6982K, committed 7296K, reserved 1048576K
}
Event: 120.755 GC heap before
{Heap before GC invocations=22 (full 0):
 garbage-first heap   total 86016K, used 70274K [0x00000000a0000000, 0x0000000100000000)
  region size 1024K, 24 young (24576K), 2 survivors (2048K)
 Metaspace       used 50854K, committed 51456K, reserved 1114112K
  class space    used 6983K, committed 7296K, reserved 1048576K
}
Event: 120.758 GC heap after
{Heap after GC invocations=23 (full 0):
 garbage-first heap   total 86016K, used 49365K [0x00000000a0000000, 0x0000000100000000)
  region size 1024K, 2 young (2048K), 2 survivors (2048K)
 Metaspace       used 50854K, committed 51456K, reserved 1114112K
  class space    used 6983K, committed 7296K, reserved 1048576K
}
Event: 121.333 GC heap before
{Heap before GC invocations=24 (full 0):
 garbage-first heap   total 86016K, used 70869K [0x00000000a0000000, 0x0000000100000000)
  region size 1024K, 24 young (24576K), 2 survivors (2048K)
 Metaspace       used 50857K, committed 51456K, reserved 1114112K
  class space    used 6983K, committed 7296K, reserved 1048576K
}
Event: 121.336 GC heap after
{Heap after GC invocations=25 (full 0):
 garbage-first heap   total 86016K, used 49842K [0x00000000a0000000, 0x0000000100000000)
  region size 1024K, 2 young (2048K), 2 survivors (2048K)
 Metaspace       used 50857K, committed 51456K, reserved 1114112K
  class space    used 6983K, committed 7296K, reserved 1048576K
}
Event: 128.047 GC heap before
{Heap before GC invocations=25 (full 0):
 garbage-first heap   total 86016K, used 69298K [0x00000000a0000000, 0x0000000100000000)
  region size 1024K, 23 young (23552K), 2 survivors (2048K)
 Metaspace       used 50979K, committed 51648K, reserved 1114112K
  class space    used 7002K, committed 7296K, reserved 1048576K
}
Event: 128.050 GC heap after
{Heap after GC invocations=26 (full 0):
 garbage-first heap   total 86016K, used 50754K [0x00000000a0000000, 0x0000000100000000)
  region size 1024K, 3 young (3072K), 3 survivors (3072K)
 Metaspace       used 50979K, committed 51648K, reserved 1114112K
  class space    used 7002K, committed 7296K, reserved 1048576K
}
Event: 135.515 GC heap before
{Heap before GC invocations=27 (full 0):
 garbage-first heap   total 91136K, used 76354K [0x00000000a0000000, 0x0000000100000000)
  region size 1024K, 23 young (23552K), 3 survivors (3072K)
 Metaspace       used 51725K, committed 52416K, reserved 1114112K
  class space    used 7119K, committed 7424K, reserved 1048576K
}
Event: 135.523 GC heap after
{Heap after GC invocations=28 (full 0):
 garbage-first heap   total 91136K, used 61767K [0x00000000a0000000, 0x0000000100000000)
  region size 1024K, 3 young (3072K), 3 survivors (3072K)
 Metaspace       used 51725K, committed 52416K, reserved 1114112K
  class space    used 7119K, committed 7424K, reserved 1048576K
}
Event: 135.822 GC heap before
{Heap before GC invocations=28 (full 0):
 garbage-first heap   total 91136K, used 62791K [0x00000000a0000000, 0x0000000100000000)
  region size 1024K, 4 young (4096K), 3 survivors (3072K)
 Metaspace       used 51783K, committed 52416K, reserved 1114112K
  class space    used 7126K, committed 7424K, reserved 1048576K
}
Event: 135.828 GC heap after
{Heap after GC invocations=29 (full 0):
 garbage-first heap   total 91136K, used 61393K [0x00000000a0000000, 0x0000000100000000)
  region size 1024K, 1 young (1024K), 1 survivors (1024K)
 Metaspace       used 51783K, committed 52416K, reserved 1114112K
  class space    used 7126K, committed 7424K, reserved 1048576K
}
Event: 137.831 GC heap before
{Heap before GC invocations=29 (full 0):
 garbage-first heap   total 91136K, used 68561K [0x00000000a0000000, 0x0000000100000000)
  region size 1024K, 10 young (10240K), 1 survivors (1024K)
 Metaspace       used 52399K, committed 53056K, reserved 1114112K
  class space    used 7182K, committed 7488K, reserved 1048576K
}
Event: 137.834 GC heap after
{Heap after GC invocations=30 (full 0):
 garbage-first heap   total 91136K, used 62004K [0x00000000a0000000, 0x0000000100000000)
  region size 1024K, 1 young (1024K), 1 survivors (1024K)
 Metaspace       used 52399K, committed 53056K, reserved 1114112K
  class space    used 7182K, committed 7488K, reserved 1048576K
}
Event: 140.294 GC heap before
{Heap before GC invocations=31 (full 0):
 garbage-first heap   total 107520K, used 76340K [0x00000000a0000000, 0x0000000100000000)
  region size 1024K, 15 young (15360K), 1 survivors (1024K)
 Metaspace       used 53546K, committed 54208K, reserved 1114112K
  class space    used 7333K, committed 7616K, reserved 1048576K
}
Event: 140.296 GC heap after
{Heap after GC invocations=32 (full 0):
 garbage-first heap   total 107520K, used 63747K [0x00000000a0000000, 0x0000000100000000)
  region size 1024K, 2 young (2048K), 2 survivors (2048K)
 Metaspace       used 53546K, committed 54208K, reserved 1114112K
  class space    used 7333K, committed 7616K, reserved 1048576K
}
Event: 140.656 GC heap before
{Heap before GC invocations=32 (full 0):
 garbage-first heap   total 107520K, used 66819K [0x00000000a0000000, 0x0000000100000000)
  region size 1024K, 5 young (5120K), 2 survivors (2048K)
 Metaspace       used 53870K, committed 54592K, reserved 1114112K
  class space    used 7381K, committed 7680K, reserved 1048576K
}
Event: 140.659 GC heap after
{Heap after GC invocations=33 (full 0):
 garbage-first heap   total 107520K, used 63315K [0x00000000a0000000, 0x0000000100000000)
  region size 1024K, 1 young (1024K), 1 survivors (1024K)
 Metaspace       used 53870K, committed 54592K, reserved 1114112K
  class space    used 7381K, committed 7680K, reserved 1048576K
}
Event: 144.220 GC heap before
{Heap before GC invocations=33 (full 0):
 garbage-first heap   total 107520K, used 84819K [0x00000000a0000000, 0x0000000100000000)
  region size 1024K, 23 young (23552K), 1 survivors (1024K)
 Metaspace       used 56182K, committed 56832K, reserved 1114112K
  class space    used 7619K, committed 7936K, reserved 1048576K
}
Event: 144.224 GC heap after
{Heap after GC invocations=34 (full 0):
 garbage-first heap   total 107520K, used 63933K [0x00000000a0000000, 0x0000000100000000)
  region size 1024K, 1 young (1024K), 1 survivors (1024K)
 Metaspace       used 56182K, committed 56832K, reserved 1114112K
  class space    used 7619K, committed 7936K, reserved 1048576K
}

